Postfix Exp: 225.884700 -
RESULT: -225.884700
Postfix Exp: 137.897200 35.385000 - * 35.017900 - 13.321700 - - + + + 79.141600 - + 18.368900 * 103.909100 * + 2.304600 - 102.976800 - - fabs 106.421300 - + + + +
RESULT: 155751.339949
Postfix Exp: 150.616000 - 94.796100 - + 106.670100 - +
RESULT: -352.082200
Postfix Exp: 65.532400 16.284200 sqrt 118.859500 * 15.337200 58.757800 - * 67.119100 - * - 82.811700 49.975100 + 189.766500 - 68.616900 - * - 4.403500 - - + - 11.352800 - + cos 89.164600 - - * 19.721800 - + 167.940200 - * + sin 48.048100 + 51.347500 - log 81.886500 * + - 6.609500 - 104.618100 - - + - log
RESULT: nan
Postfix Exp: 54.741300 - 229.362700 * 58.801300 + - 13.686300 log 76.194600 - + sqrt sin - 55.528100 + - 39.437000 - - 5.061100 - + 29.749200 + - 51.110000 - + 37.739500 110.042900 * 17.853000 + exp 78.838500 + 104.775700 - + - 64.940400 - * - 3.056900 - 103.831500 - 54.952400 + 25.473000 - + 110.262100 - 23.462800 + - 80.051400 - 74.998900 - * 130.270800 - * + 29.297100 + - - * 53.785800 * -
RESULT: -nan
Postfix Exp: 3.817800 - 31.246500 - +
RESULT: -35.064300
Postfix Exp: 98.974700 75.597000 - + 92.215000 * + 41.171100 - - - 43.169200 - + 103.281200 - 66.741700 + * - 146.163000 - -
RESULT: 82.782911
Postfix Exp: 56.612800 99.728400 - + 17.079900 - - - 87.606900 152.672700 - * - log
RESULT: 9.496645
Postfix Exp: 82.935200 8.954800 + 236.205200 - + 47.580700 + 57.081200 - + 182.334500 64.638300 * - 178.807900 39.187900 - * 94.559200 - 5.546100 + 119.047700 - * + 123.340100 + - 172.964200 - - 97.385400 - - 11.886700 - + - 54.912800 - - * + 212.321700 - cos 4.296000 - + 27.591600 - 0.308820 - * 48.934900 - + 107.238600 - - 33.341800 - 20.495800 - + 42.555700 + - 35.465400 - - sqrt log 110.719300 - + 115.520300 - - + * - 157.998400 - - 27.474300 - + - 158.526900 - + + - - 52.319000 + 37.531900 - 88.804100 - 71.635800 - - sqrt 99.078800 - 86.046300 - + 150.451500 - + 81.072900 - - 119.577000 - + * + 81.010800 - + 3.899700 - + - fabs exp exp 62.395500 - + 93.593700 -
RESULT: nan
Postfix Exp: 168.457100 -
RESULT: -168.457100
Postfix Exp: 118.680600 13.505800 - *
RESULT: -1602.876447
Postfix Exp: 28.293500 160.432200 + - cos 94.890700 * 151.350700 - - 179.724600 - +
RESULT: 64.776606
Postfix Exp: 138.014200 25.195200 - + +
RESULT: 112.819000
Postfix Exp: 167.256300 - 21.462800 - + 63.600800 - - 23.847600 -
RESULT: -148.965900
Postfix Exp: 81.390300 exp 17.856300 - 62.454600 8.494500 - - * 187.811400 * + 60.171300 - *
RESULT: 22153489198338405178135442169135464710144.000000
Postfix Exp: 2.551600 cos 35.978900 - * cos sqrt
RESULT: 0.226552
Postfix Exp: 197.845500 sqrt sin 29.370700 *
RESULT: 29.295844
Postfix Exp: 135.200100 - 14.042900 - 71.133700 - * 36.241900 - pow
RESULT: -nan
Postfix Exp: 5.243900 - 193.788500 - +
RESULT: -199.032400
Postfix Exp: 190.701700 -
RESULT: -190.701700
Postfix Exp: 136.609600
RESULT: 136.609600
Postfix Exp: 73.571800 - 56.255600 * 85.635000 - * 31.325200 + 66.152500 - - + 97.037600 +
RESULT: 354622.858579
Postfix Exp: 74.118100 15.988300 + exp 100.987600 - *
RESULT: -137081975782919169369982111730088315715584.000000
Postfix Exp: 30.458400 122.741400 - 156.852200 + 175.260000 * - 10.742700 - + 168.479100 + - 35.444300 - + + pow 195.492500 - * 152.170500 - * 172.225100 - * 79.344400 - 112.865000 - * 40.938700 - + + sin 48.543400 - * 45.476400 * cos cos 1.999000 * - 59.405800 - +
RESULT: -61.089969
Postfix Exp: 26.171700 105.169700 * 139.571300 200.441700 87.626200 * 177.456400 + * * 109.706800 - * + fabs 89.695600 - + 86.216300 - + 132.467700 - + 87.617000 +
RESULT: 47724717557.556763
Postfix Exp: 14.138800 79.911900 - * 69.916100 52.053800 - 62.683400 - - 112.507400 - - * - *
RESULT: 7947970.702713
Postfix Exp: 19.926200 -
RESULT: -19.926200
Postfix Exp: 176.007500 1.585400 + 54.710300 - +
RESULT: 122.882600
Postfix Exp: 161.060700 - 19.025600 - 85.824700 16.679400 * 72.805400 - * + 46.215000 + fabs 74.200000 - 12.569400 - -
RESULT: 104293.498510
Postfix Exp: 194.572700 - 47.271300 - 109.437900 * 219.265500 * + 80.320800 - 24.192300 - 162.808200 - - * 6.973300 - * 63.997700 - - * 3.306500 - * +
RESULT: -6946582.493731
Postfix Exp: 91.863000 - 68.285100 + 12.382800 - 20.398100 - * - 85.434000 - + 26.793400 - exp
RESULT: 0.000000
Postfix Exp: 53.673500 59.380800 - + 234.810600 - * + cos fabs 0.100330 138.280000 * +
RESULT: 14.309761
Postfix Exp: 146.954700 184.249700 - - 0.372780 + 49.278000 - 139.239400 - * 155.255900 - 77.840400 * + exp fabs 92.472900 - * cos 125.809200 * - -
RESULT: 457.386380
Postfix Exp: 166.822700 - 133.630500 + 17.984500 - 15.391600 - + * 118.766600 + + * 67.778300 - * - 99.443000 - - + 134.364100 + 220.085100 - + 10.867400 - + log fabs 37.382900 + fabs 35.536600 + + * 224.480500 - + 16.091100 - - 54.135200 + - 14.180000 cos 44.408200 - - 46.730100 - * 216.349700 - * - cos
RESULT: -0.761400
Postfix Exp: 87.951400 56.674400 + 2.256900 - 195.190300 - + * 100.757700 - - * - 71.502400 - - 184.931700 - 113.622600 * 1.800600 + * - 94.956200 - + -
RESULT: -6240.235701
Postfix Exp: 5.173000 - 90.724300 - + 177.697900 + 47.060100 - - 123.412100 - 116.100200 - + sqrt 3.570400 - 152.983600 * + exp 58.946700 - 79.002200 54.838900 - + * 51.353600 * 29.806600 129.565300 - + - - - 6.287700 * + sqrt * 22.870600 - * + 32.563600 - 71.104400 - * 43.396300 - + - sqrt 35.918400 * 162.412700 - * 64.177400 + 62.195200 - + 70.003700 - - 68.463600 - * 81.909100 - * 32.198700 - * 72.605800 * 74.540600 * 110.441000 + * - 130.706500 26.942000 * 57.946600 + 38.832800 - fabs 15.428700 - - 61.251400 + - 4.698700 6.171800 - 62.992200 108.932000 - + + - * 140.234900 exp 23.873900 - 6.771900 - * + 22.476100 - * - 157.638300 - 132.287300 70.374700 - + * 4.163300 - - * 32.514200 - * 91.641900 73.168000 - exp 234.056800 * 26.946300 - - 17.788300 16.535300 * + sin 71.199300 + 20.959100 69.971700 - + * + 203.746100 + + 78.928400 144.539000 - + * - 137.831500 + sin 78.049700 - * - exp 20.218800 - - + + 77.118700 - 31.540200 - - * + 76.268000 - - - 6.257900 - + - * 49.132100 * + log 35.430300 - + 29.883700 - * - sqrt 144.513800 * + 34.024000 132.228200 + - sqrt 4.905900 + 142.540900 - 72.363300 - 7.225400 27.981400 - * + 14.524900 + + * - - 68.393100 20.745300 - * + 64.135100 - - + - - - 34.069600 - - - 71.823800 -
RESULT: -nan
Postfix Exp: 70.643200 19.033500 - 21.531800 - + + - 57.739500 - - + log 92.688200 - - +
RESULT: 167.429700
Postfix Exp: 47.875800 -
RESULT: -47.875800
Postfix Exp: 24.023200 - 66.464200 + + 132.262500 + 57.186400 - + 25.489000 - - 4.458700 + 118.176700 111.752500 - - 25.723800 - * - + 65.515400 - 114.156800 * 48.571800 + 6.012000 - - + 18.807700 164.906900 - + - + 199.731700 - + + - 299.790700 - + - 49.835900 - 27.046500 - 72.520700 - + 122.243800 - - * 35.915400 - - * - 76.770400 - 52.399100 * - 80.872400 + - - 9.996600 - 58.046100 + * - 199.702600 - sin 137.230700 - sin 122.551000 - + 129.165900 + 247.177500 - * -
RESULT: 87958.009135
Postfix Exp: 79.551300 - 107.633800 - - cos 82.216700 + sin 49.642300 - - log 24.699800 - 292.773800 + - * 72.107500 44.503500 - 19.456600 - - 142.158600 105.775800 + 44.537400 - 37.579800 + 104.348200 - + + - + 39.466700 - + + 85.779300 8.214300 - 25.731900 - * 10.527800 - - * + 345.062400 - + - sin 86.332000 - cos 27.293600 - * - 231.705100 + + + 147.999300 + fabs 7.798700 - + - 65.361100 - - + 23.118000 - - 18.441500 174.052700 * 20.399400 - + * - 107.802600 297.113300 - 88.109900 - - + - pow + * + 42.593800 122.935900 - - 192.777200 - sin 41.249000 - 82.485100 128.701900 - + + 75.431300 - * + -
RESULT: -3440.192532
Postfix Exp: 21.057300 - 103.666500 - - -
RESULT: -124.723800
Postfix Exp: 99.181300 - sqrt 32.605300 - - exp fabs
RESULT: nan
Postfix Exp: 22.988700 -
RESULT: -22.988700
Postfix Exp: 12.520200 - 15.812300 18.434900 - - exp 69.986100 * 97.822900 * pow
RESULT: inf
Postfix Exp: 107.297200 log 15.792400 +
RESULT: 20.468003
Postfix Exp: 32.875800 - 31.361000 - + +
RESULT: -64.236800
Postfix Exp: 177.761000 - 35.102100 + 76.028600 - - -
RESULT: -218.687500
Postfix Exp: 15.774600 - 141.562700 - -
RESULT: 125.788100
Postfix Exp: 27.637700 - 111.553200 - * 157.185500 * fabs 51.722400 - + 45.452300 - - 71.507400 - + 121.185900 * 97.500400 * +
RESULT: -360299.868698
Postfix Exp: 61.497400 - 9.063300 * 1.836100 * 10.819000 - 208.713800 * 91.659000 88.498800 * 151.197500 - * - 50.060600 99.569500 - * + + 187.255900 + 127.024700 - 6.194600 - - + 37.412100 - + 81.225900 - - + log 26.446300 +
RESULT: 40.459279
Postfix Exp: 17.872400 - 28.088600 - * cos 56.174100 - 60.154500 - 132.284700 log 132.628400 - * - 43.073500 - 20.414000 71.917300 25.885800 - - * 72.698200 - - + * + + cos
RESULT: 0.163644
Postfix Exp: 60.034000 - 16.310300 15.807500 - + * + 105.633000 23.437200 - + * exp sin 191.964900 - * 178.153900 * 9.748800 * 177.729800 - 165.182700 pow 175.326900 - * + 3.934000 27.312900 - * 87.723900 - - pow log 106.646600 - + - 13.267000 - - 129.496000 - -
RESULT: -nan
Postfix Exp: 3.737900 45.302300 - 30.013100 - - * 53.170100 - * 72.185000 - * 30.799900 - * - 10.621100 - + 40.041400 - + - cos fabs 220.400400 - *
RESULT: -194.919304
Postfix Exp: 51.788700 -
RESULT: -51.788700
Postfix Exp: 94.005900 -
RESULT: -94.005900
Postfix Exp: 62.840000 - 3.541700 - - 202.149900 - - 33.342800 - + 89.060000 - - exp 20.190500 - 167.464400 - + + - - - 72.901700 - - + 129.013400 - + 15.831300 - 86.871600 + - 181.464400 - - 20.471300 16.394000 - * + 104.001100 - 67.079900 + 104.188300 - - - + 21.523500 - 17.037400 * pow 220.023000 +
RESULT: 220.023000
Postfix Exp: 24.767400 105.235700 * log
RESULT: 7.865731
Postfix Exp: 33.334300 - 94.382100 + sin
RESULT: -0.977347
Postfix Exp: 227.859500 116.904100 - * 17.567100 + - - - - + 141.968900 - +
RESULT: -26762.111574
Postfix Exp: 80.281300 76.663200 -
RESULT: 3.618100
Postfix Exp: 31.217600 - 197.627400 - log 73.122400 - - 31.766100 + - * 37.799500 + * - 33.800200 - +
RESULT: nan
Postfix Exp: 137.677600 162.006800 * 3.382800 - -
RESULT: 22308.090208
Postfix Exp: 25.183900 log 104.383300 - * 86.495800 - 9.650900 - * + + *
RESULT: -281116.155420
Postfix Exp: 50.976100 75.646800 - * 4.300100 +
RESULT: -3851.878741
Postfix Exp: 70.007200 - 83.437900 - - * exp 92.718000 - - 30.551100 - 182.372100 - 109.877900 - * + exp + 67.758900 - - 72.750200 93.770700 - * - 185.764400 - + 135.465800 - 118.268300 - 62.222000 + - 156.285900 198.238800 - * - 12.811800 - 38.531000 - + + 224.809600 + * - 120.131600 - * - sin 75.834700 - * 96.503700 - + 188.832800 - 64.229300 * - 105.411900 - - 95.651400 120.741600 - * + - 141.159300 - -
RESULT: inf
Postfix Exp: 143.160200 16.481300 - * 108.072400 - - 63.200800 - - 16.823000 - + 91.269800 + - 138.134200 56.273000 - * -
RESULT: 5476.940032
Postfix Exp: 94.081400 24.437400 - 19.828800 - + * - 19.293200 - + sin 21.661300 81.123600 - - - + 70.575000 + - 50.475500 - + 0.450030 - - 80.009700 - + - +
RESULT: 259.092747
Postfix Exp: 127.088600
RESULT: 127.088600
Postfix Exp: 199.091300 74.896600 - *
RESULT: -14911.261460
Postfix Exp: 88.971800
RESULT: 88.971800
Postfix Exp: 72.893500
RESULT: 72.893500
Postfix Exp: 78.052300 145.126800 97.050400 * 76.207300 + * + 119.577000 - 19.774500 - 158.655800 + + 3.556700 - - + * + exp 21.658200 + cos pow cos 101.489100 82.735500 - + 51.036300 + - 68.742500 - + - 13.752700 - + 99.799000 - - 59.133700 44.798300 - 95.727500 + * 31.500600 - * 63.763800 - * - 13.042600 + + - 15.963500 * - 13.051000 * + 21.663400 - + 44.138100 - 140.064200 - * +
RESULT: 1794604246.448615
Postfix Exp: 103.078500 87.732200 * 49.111100 71.527400 * - sqrt
RESULT: 74.367428
Postfix Exp: 66.577300 95.525000 *
RESULT: 6359.796583
Postfix Exp: 0.569630 - 50.425300 - *
RESULT: 28.723764
Postfix Exp: 213.537200 254.676000 * 4.515200 135.513700 - + 19.789200 170.247100 * - - 85.650600 - - * 97.883800 * 45.834800 * + 219.756100 + - 90.022000 +
RESULT: 1345019674.668077
Postfix Exp: 59.894200 18.891800 - 40.861600 - * - 6.980400 - -
RESULT: -705.074575
Postfix Exp: 14.741700 - cos 76.776300 - 146.156900 - + 59.374200 + - fabs 104.065900 - + 132.781900 - +
RESULT: 46.027978
Postfix Exp: 83.690600 - 130.336100 -
RESULT: -214.026700
Postfix Exp: 15.599700 - 14.844600 129.085000 - * + 52.598600 - - 277.258400 - 95.796400 - 41.337900 - - * 35.615100 * + exp 42.292200 - * 17.923100 - *
RESULT: 0.000000
Postfix Exp: 45.402100 - 65.502900 + - + - - 133.270800 - 153.655600 - - cos 116.990300 - +
RESULT: -117.823467
Postfix Exp: 38.144000 86.474100 - + + 126.894900 - + 28.469100 - +
RESULT: -203.694100
Postfix Exp: 220.050400 - 85.627200 - 65.659700 - * + 92.028400 - - - 288.435600 64.432800 - + 48.650300 + 131.150100 - cos sqrt 150.611800 - - 97.165600 * - 84.849400 - - + + + + + + + - 17.026800 43.404000 - - pow
RESULT: 23221083761785655817441157930359683331548741038891701205647143249845131907713114239730221706792136253516524249411150526245863489692516259374601981302204269591973050906783722772130402367819467709745857346394168542368323335595867944091880935237354928005724504064.000000
Postfix Exp: 70.303500 1.453300 sqrt 200.764100 * pow
RESULT: inf
Postfix Exp: 99.584500 37.880600 - + 22.175700 - +
RESULT: 39.528200
Postfix Exp: 88.877900 35.808300 - + 45.425000 - 146.778800 * - 104.221300 - + 178.670500 - - 13.148900 - - 87.827500 - + + 9.725900 - - + 27.441100 - +
RESULT: 6702.551990
Postfix Exp: 128.527600
RESULT: 128.527600
Postfix Exp: 113.313300 - 81.747300 +
RESULT: -31.566000
Postfix Exp: 88.069200
RESULT: 88.069200
Postfix Exp: 107.257800 113.841500 log 169.145000 - + - pow 55.864600 pow 20.910900 - + 49.420500 + + - + 227.824500 - + sqrt 79.582800 - -
RESULT: inf
Postfix Exp: 43.143100 69.491600 - * 1.921700 - 114.612800 - + -
RESULT: -2885.391948
Postfix Exp: 27.136800 - 169.617000 - - +
RESULT: 142.480200
Postfix Exp: 14.334400 72.354000 + +
RESULT: 86.688400
Postfix Exp: 0.543280 - 164.282600 - + cos sqrt 43.156200 * 23.683600 - - 64.068100 - + 44.325500 + + 98.968500 + 14.695600 - 123.523600 * 40.863500 - + sqrt sqrt 242.354400 * 113.005900 - * 120.908400 - * 145.030600 - 159.232500 * 107.237100 * + 34.804900 + + pow
RESULT: -nan
Postfix Exp: 50.028900 - 52.374600 * 125.997700 - + - + 115.757800 - +
RESULT: -2610.003726
Postfix Exp: 11.441200 - 203.191700 - 53.112400 - - 73.023900 - - * 89.379300 - 183.354800 99.633600 - * 23.538900 - + 53.509400 * 17.678000 * - 39.958400 176.209700 - * 17.234700 log 75.426400 - + 18.355700 - 3.389900 * 25.111900 - * + 152.187800 - 204.175500 + 63.720700 - - - 68.113100 - + fabs - * - 1.455500 - * + 24.946700 - - - 141.689300 + - + 35.624000 - + 41.651300 - + + 33.212700 - + - 6.330200 - exp 7.089500 - 213.655400 - + + 2.846100 +
RESULT: inf
Postfix Exp: 53.919200
RESULT: 53.919200
Postfix Exp: 182.277000 138.744700 - * 56.901600 38.543800 * log 26.856700 + 141.659100 - - 2.490100 59.945600 - - 125.221200 - - - + 127.867800 - - 11.533000 + sin - 38.541200 - * - 111.631000 - + fabs 0.641610 * 135.135300 - 3.765200 - 109.575600 * 146.020400 + * + 89.588700 - - + 20.873300 - 80.557200 - * 81.977800 - * 68.925700 + 84.887100 + 124.063100 + cos 47.876400 50.964500 21.983300 - + 33.526800 - * 1.705600 - * + 188.044000 - 12.053100 - - - * exp 40.930900 - + 77.429100 - - - 14.446000 - + - 189.566400 * + 95.677800 + - + fabs * 78.933400 - * - 11.763900 - + 127.325600 - - 51.570400 - + + fabs 118.079700 - + 11.320800 - 28.724000 - * + 85.302900 15.313900 56.580600 - sqrt 79.854500 + 35.755900 - + 82.494200 - - 10.051900 + - 111.117000 - + 51.851200 - + sqrt 33.772200 - * 45.306400 + pow 60.571000 - - fabs 17.920000 146.685900 - 15.753400 - + + 90.648400 - + 30.966900 75.227900 + 73.719700 - + - 56.802800 - + + 9.431500 - - 110.808400 - - + fabs 87.353600 - - sqrt 140.396500 - + + - 105.158700 - + 35.016600 0.629830 * 9.572500 + * + 42.305600 + 28.434200 - - - 109.727900 - - 30.799200 - + 18.780700 - 121.907700 - * 99.077500 * + exp sin 67.621200 - - 113.759500 - - 63.021300 + * 128.887700 cos * + + 167.552400 - - + + 171.506100 pow 13.255800 - - - - * 71.971300 136.978900 - 251.734200 - 66.430100 + 190.867200 - + + 73.333300 - - 17.980500 + * + +
RESULT: -nan
Postfix Exp: 167.482500 - 90.400300 * 23.098000 + 93.266900 - -
RESULT: -15024.103345
Postfix Exp: 177.372600 - 2.490900 * 134.965700 - + 17.058700 +
RESULT: -559.724409
